2025-11-06 22:37:01,549 - INFO - 1       Total: 579.838882       KGC: 417.100924         SACL: 5.112272          Front: 157.410237       Sem: 85.758647          Ang: 24.559988          Rad: 347.059659      Dist: 100.995094         FuseReg: 0.215450
2025-11-06 22:37:01,550 - INFO -   Metrics: Gate_T: 0.5151       Gate_V: 0.4596          SemSim: 0.3500          HypAngle: 0.0014        CosAngle: 1.0000        AngPos: 0.3942          AngNeg: 0.2355       NegCos: 0.5086   PosThrDeg: 27.6         NegThrDeg: 109.2        R_T: 2.0545     R_V: 2.7527     C_T: 0.7364     C_V: 0.7353     Time: 0h-0m-23s
2025-11-06 22:37:24,242 - INFO - 2       Total: 394.605910       KGC: 331.162919         SACL: 3.934186          Front: 59.207991        Sem: 21.674140          Ang: 23.345788          Rad: 86.382585       Dist: 49.777550          FuseReg: 0.300817
2025-11-06 22:37:24,243 - INFO -   Metrics: Gate_T: 0.3797       Gate_V: 0.4112          SemSim: 0.7827          HypAngle: 0.0014        CosAngle: 1.0000        AngPos: 0.2954          AngNeg: 0.3032       NegCos: 0.5774   PosThrDeg: 27.2         NegThrDeg: 108.5        R_T: 1.4697     R_V: 2.1195     C_T: 0.7280     C_V: 0.7236     Time: 0h-0m-45s
2025-11-06 22:37:46,964 - INFO - 3       Total: 359.649879       KGC: 313.803370         SACL: 3.056238          Front: 42.448501        Sem: 6.391353   Ang: 23.315152          Rad: 78.244408          Dist: 46.439472       FuseReg: 0.341767
2025-11-06 22:37:46,964 - INFO -   Metrics: Gate_T: 0.3364       Gate_V: 0.4388          SemSim: 0.7872          HypAngle: 0.0014        CosAngle: 1.0000        AngPos: 0.2851          AngNeg: 0.3127       NegCos: 0.5777   PosThrDeg: 26.8         NegThrDeg: 107.8        R_T: 1.4294     R_V: 2.0584     C_T: 0.7246     C_V: 0.7178     Time: 0h-1m-8s
2025-11-06 22:38:09,711 - INFO - 4       Total: 343.190165       KGC: 302.467152         SACL: 2.704260          Front: 37.681167        Sem: 2.716741   Ang: 23.643550          Rad: 70.336948          Dist: 43.427619       FuseReg: 0.337589
2025-11-06 22:38:09,712 - INFO -   Metrics: Gate_T: 0.3320       Gate_V: 0.4574          SemSim: 0.7817          HypAngle: 0.0014        CosAngle: 1.0000        AngPos: 0.2695          AngNeg: 0.3367       NegCos: 0.5840   PosThrDeg: 26.4         NegThrDeg: 107.0        R_T: 1.3534     R_V: 2.0264     C_T: 0.7209     C_V: 0.7131     Time: 0h-1m-31s
2025-11-06 22:38:32,440 - INFO - 5       Total: 335.537122       KGC: 296.118848         SACL: 2.623555          Front: 36.512326        Sem: 1.877464   Ang: 23.974328          Rad: 66.238850          Dist: 42.317878       FuseReg: 0.282392
2025-11-06 22:38:32,441 - INFO -   Metrics: Gate_T: 0.3633       Gate_V: 0.4810          SemSim: 0.7909          HypAngle: 0.0014        CosAngle: 1.0000        AngPos: 0.2717          AngNeg: 0.3430       NegCos: 0.5754   PosThrDeg: 26.0         NegThrDeg: 106.2        R_T: 1.3059     R_V: 2.0085     C_T: 0.7177     C_V: 0.7098     Time: 0h-1m-54s
2025-11-06 22:38:55,278 - INFO - 6       Total: 326.727038       KGC: 288.520039         SACL: 2.622419          Front: 35.326653        Sem: 1.544272   Ang: 24.707032          Rad: 53.545698          Dist: 40.554578       FuseReg: 0.257927
2025-11-06 22:38:55,279 - INFO -   Metrics: Gate_T: 0.3814       Gate_V: 0.5232          SemSim: 0.8008          HypAngle: 0.0014        CosAngle: 1.0000        AngPos: 0.2573          AngNeg: 0.3762       NegCos: 0.5882   PosThrDeg: 25.6         NegThrDeg: 105.5        R_T: 1.2274     R_V: 1.9158     C_T: 0.7149     C_V: 0.7078     Time: 0h-2m-16s
2025-11-06 22:39:18,092 - INFO - 7       Total: 322.134396       KGC: 284.576928         SACL: 2.616442          Front: 34.677491        Sem: 1.412791   Ang: 25.201231          Rad: 45.850256          Dist: 39.315391       FuseReg: 0.263535
2025-11-06 22:39:18,093 - INFO -   Metrics: Gate_T: 0.3762       Gate_V: 0.5311          SemSim: 0.8074          HypAngle: 0.0014        CosAngle: 1.0000        AngPos: 0.2624          AngNeg: 0.3838       NegCos: 0.5772   PosThrDeg: 25.2         NegThrDeg: 104.8        R_T: 1.1747     R_V: 1.8424     C_T: 0.7112     C_V: 0.7063     Time: 0h-2m-39s
2025-11-06 22:39:40,851 - INFO - 8       Total: 320.459001       KGC: 282.937455         SACL: 2.624964          Front: 34.632608        Sem: 1.340067   Ang: 25.886463          Rad: 41.074317          Dist: 38.739267       FuseReg: 0.263973
2025-11-06 22:39:40,852 - INFO -   Metrics: Gate_T: 0.3820       Gate_V: 0.5399          SemSim: 0.8029          HypAngle: 0.0014        CosAngle: 1.0000        AngPos: 0.2565          AngNeg: 0.4073       NegCos: 0.5824   PosThrDeg: 24.8         NegThrDeg: 104.0        R_T: 1.1414     R_V: 1.7962     C_T: 0.7084     C_V: 0.7061     Time: 0h-3m-2s
2025-11-06 22:40:03,677 - INFO - 9       Total: 316.571732       KGC: 279.327453         SACL: 2.592169          Front: 34.405788        Sem: 1.167337   Ang: 26.509790          Rad: 35.019316          Dist: 38.454474       FuseReg: 0.246327
2025-11-06 22:40:03,678 - INFO -   Metrics: Gate_T: 0.3879       Gate_V: 0.5383          SemSim: 0.8102          HypAngle: 0.0014        CosAngle: 1.0000        AngPos: 0.2666          AngNeg: 0.4131       NegCos: 0.5670   PosThrDeg: 24.4         NegThrDeg: 103.2        R_T: 1.0836     R_V: 1.7403     C_T: 0.7062     C_V: 0.7068     Time: 0h-3m-25s
2025-11-06 22:40:26,526 - INFO - 10      Total: 314.053652       KGC: 276.671899         SACL: 2.608826          Front: 34.504445        Sem: 1.178556   Ang: 27.006411          Rad: 31.649560          Dist: 38.286639       FuseReg: 0.268483
2025-11-06 22:40:26,527 - INFO -   Metrics: Gate_T: 0.3749       Gate_V: 0.5497          SemSim: 0.8133          HypAngle: 0.0014        CosAngle: 1.0000        AngPos: 0.2837          AngNeg: 0.4088       NegCos: 0.5497   PosThrDeg: 24.0         NegThrDeg: 102.5        R_T: 1.1184     R_V: 1.6465     C_T: 0.7054     C_V: 0.7085     Time: 0h-3m-48s
100%|████████████████████████████████████████████████████████████████████████████████████████████████████████████████████████████████████████████████████████████████████| 9904/9904 [00:28<00:00, 346.25it/s]
2025-11-06 22:40:55,495 - INFO - Link Prediction on Validation Set
2025-11-06 22:40:55,496 - INFO - MR: 847.9808158319871
2025-11-06 22:40:55,496 - INFO - MRR: 0.10650292874157892
2025-11-06 22:40:55,496 - INFO - Hit10: 0.1786651857835218
2025-11-06 22:40:55,496 - INFO - Hit3: 0.11576130856219709
2025-11-06 22:40:55,496 - INFO - Hit1: 0.06456987075928917
100%|████████████████████████████████████████████████████████████████████████████████████████████████████████████████████████████████████████████████████████████████████| 9902/9902 [00:28<00:00, 351.16it/s]
2025-11-06 22:41:23,697 - INFO - Link Prediction on Test Set
2025-11-06 22:41:23,697 - INFO - MR: 1089.3499798020603
2025-11-06 22:41:23,698 - INFO - MRR: 0.11679765354237376
2025-11-06 22:41:23,698 - INFO - Hit10: 0.19142597455059585
2025-11-06 22:41:23,698 - INFO - Hit3: 0.12467178347808523
2025-11-06 22:41:23,698 - INFO - Hit1: 0.07816602706523934
2025-11-06 22:41:46,361 - INFO - 11      Total: 313.484107       KGC: 275.945107         SACL: 2.619692          Front: 34.668168        Sem: 1.068998   Ang: 27.941454          Rad: 26.852282          Dist: 37.907596       FuseReg: 0.251140
2025-11-06 22:41:46,362 - INFO -   Metrics: Gate_T: 0.3887       Gate_V: 0.5397          SemSim: 0.8174          HypAngle: 0.0014        CosAngle: 1.0000        AngPos: 0.2784          AngNeg: 0.4380       NegCos: 0.5518   PosThrDeg: 23.6         NegThrDeg: 101.8        R_T: 1.0362     R_V: 1.6282     C_T: 0.7060     C_V: 0.7108     Time: 0h-5m-8s
2025-11-06 22:42:09,079 - INFO - 12      Total: 311.134504       KGC: 273.619942         SACL: 2.614019          Front: 34.634544        Sem: 0.938631   Ang: 28.512417          Rad: 22.703026          Dist: 37.790572       FuseReg: 0.265998
2025-11-06 22:42:09,079 - INFO -   Metrics: Gate_T: 0.3766       Gate_V: 0.5571          SemSim: 0.8208          HypAngle: 0.0014        CosAngle: 1.0000        AngPos: 0.2901          AngNeg: 0.4410       NegCos: 0.5374   PosThrDeg: 23.2         NegThrDeg: 101.0        R_T: 1.0306     R_V: 1.5421     C_T: 0.7069     C_V: 0.7134     Time: 0h-5m-30s
2025-11-06 22:42:31,790 - INFO - 13      Total: 311.134274       KGC: 273.074212         SACL: 2.628506          Front: 35.191255        Sem: 0.992571   Ang: 29.277551          Rad: 21.305109          Dist: 37.800973       FuseReg: 0.240300
2025-11-06 22:42:31,791 - INFO -   Metrics: Gate_T: 0.3937       Gate_V: 0.5488          SemSim: 0.8232          HypAngle: 0.0014        CosAngle: 1.0000        AngPos: 0.2964          AngNeg: 0.4543       NegCos: 0.5338   PosThrDeg: 22.8         NegThrDeg: 100.2        R_T: 1.0152     R_V: 1.5266     C_T: 0.7076     C_V: 0.7155     Time: 0h-5m-53s
2025-11-06 22:42:54,546 - INFO - 14      Total: 308.851335       KGC: 270.690497         SACL: 2.624518          Front: 35.290505        Sem: 0.865370   Ang: 29.801953          Rad: 19.644924          Dist: 37.549910       FuseReg: 0.245816
2025-11-06 22:42:54,546 - INFO -   Metrics: Gate_T: 0.3872       Gate_V: 0.5510          SemSim: 0.8216          HypAngle: 0.0014        CosAngle: 1.0000        AngPos: 0.2973          AngNeg: 0.4668       NegCos: 0.5290   PosThrDeg: 22.4         NegThrDeg: 99.5         R_T: 1.0099     R_V: 1.4895     C_T: 0.7100     C_V: 0.7186     Time: 0h-6m-16s
2025-11-06 22:43:17,320 - INFO - 15      Total: 308.270605       KGC: 269.593885         SACL: 2.625564          Front: 35.803553        Sem: 0.849687   Ang: 30.777884          Rad: 17.812673          Dist: 37.110602       FuseReg: 0.247603
2025-11-06 22:43:17,321 - INFO -   Metrics: Gate_T: 0.3837       Gate_V: 0.5379          SemSim: 0.8285          HypAngle: 0.0014        CosAngle: 1.0000        AngPos: 0.2953          AngNeg: 0.4939       NegCos: 0.5276   PosThrDeg: 22.0         NegThrDeg: 98.8         R_T: 0.9758     R_V: 1.4769     C_T: 0.7129     C_V: 0.7222     Time: 0h-6m-39s
2025-11-06 22:43:40,131 - INFO - 16      Total: 308.043520       KGC: 268.966711         SACL: 2.628390          Front: 36.192471        Sem: 0.817266   Ang: 31.404330          Rad: 17.914356          Dist: 36.744137       FuseReg: 0.255947
2025-11-06 22:43:40,132 - INFO -   Metrics: Gate_T: 0.3840       Gate_V: 0.5643          SemSim: 0.8305          HypAngle: 0.0014        CosAngle: 1.0000        AngPos: 0.2947          AngNeg: 0.5106       NegCos: 0.5280   PosThrDeg: 21.6         NegThrDeg: 98.0         R_T: 0.9743     R_V: 1.4732     C_T: 0.7153     C_V: 0.7254     Time: 0h-7m-1s
2025-11-06 22:44:02,901 - INFO - 17      Total: 307.110750       KGC: 267.720478         SACL: 2.641008          Front: 36.510867        Sem: 0.772052   Ang: 32.084693          Rad: 16.075131          Dist: 36.604371       FuseReg: 0.238399
2025-11-06 22:44:02,902 - INFO -   Metrics: Gate_T: 0.3944       Gate_V: 0.5516          SemSim: 0.8331          HypAngle: 0.0014        CosAngle: 1.0000        AngPos: 0.3028          AngNeg: 0.5198       NegCos: 0.5185   PosThrDeg: 21.2         NegThrDeg: 97.2         R_T: 0.9649     R_V: 1.4320     C_T: 0.7185     C_V: 0.7295     Time: 0h-7m-24s
2025-11-06 22:44:25,742 - INFO - 18      Total: 305.977936       KGC: 266.312212         SACL: 2.631429          Front: 36.795044        Sem: 0.769941   Ang: 32.857398          Rad: 15.568264          Dist: 35.390508       FuseReg: 0.239253
2025-11-06 22:44:25,742 - INFO -   Metrics: Gate_T: 0.3939       Gate_V: 0.5455          SemSim: 0.8358          HypAngle: 0.0015        CosAngle: 1.0000        AngPos: 0.2973          AngNeg: 0.5452       NegCos: 0.5130   PosThrDeg: 20.8         NegThrDeg: 96.5         R_T: 0.9516     R_V: 1.4314     C_T: 0.7223     C_V: 0.7339     Time: 0h-7m-47s
2025-11-06 22:44:48,495 - INFO - 19      Total: 306.075321       KGC: 265.989685         SACL: 2.616057          Front: 37.229575        Sem: 0.748441   Ang: 33.392385          Rad: 15.271003          Dist: 35.606436       FuseReg: 0.240004
2025-11-06 22:44:48,496 - INFO -   Metrics: Gate_T: 0.3885       Gate_V: 0.5510          SemSim: 0.8341          HypAngle: 0.0015        CosAngle: 1.0000        AngPos: 0.2886          AngNeg: 0.5677       NegCos: 0.5228   PosThrDeg: 20.4         NegThrDeg: 95.8         R_T: 0.9398     R_V: 1.4411     C_T: 0.7247     C_V: 0.7374     Time: 0h-8m-10s
2025-11-06 22:45:11,305 - INFO - 20      Total: 305.855089       KGC: 265.411981         SACL: 2.624189          Front: 37.584549        Sem: 0.717245   Ang: 34.239038          Rad: 13.769808          Dist: 34.893702       FuseReg: 0.234373
2025-11-06 22:45:11,306 - INFO -   Metrics: Gate_T: 0.3984       Gate_V: 0.5602          SemSim: 0.8374          HypAngle: 0.0014        CosAngle: 1.0000        AngPos: 0.2944          AngNeg: 0.5835       NegCos: 0.5103   PosThrDeg: 20.0         NegThrDeg: 95.0         R_T: 0.9351     R_V: 1.3988     C_T: 0.7277     C_V: 0.7415     Time: 0h-8m-32s
100%|████████████████████████████████████████████████████████████████████████████████████████████████████████████████████████████████████████████████████████████████████| 9904/9904 [00:28<00:00, 347.79it/s]
2025-11-06 22:45:40,155 - INFO - Link Prediction on Validation Set
2025-11-06 22:45:40,156 - INFO - MR: 647.4885904684976
2025-11-06 22:45:40,156 - INFO - MRR: 0.11170272563260364
2025-11-06 22:45:40,156 - INFO - Hit10: 0.1957794830371567
2025-11-06 22:45:40,156 - INFO - Hit3: 0.11873990306946688
2025-11-06 22:45:40,156 - INFO - Hit1: 0.06648828756058159
100%|████████████████████████████████████████████████████████████████████████████████████████████████████████████████████████████████████████████████████████████████████| 9902/9902 [00:27<00:00, 353.91it/s]
2025-11-06 22:46:08,137 - INFO - Link Prediction on Test Set
2025-11-06 22:46:08,137 - INFO - MR: 931.986063421531
2025-11-06 22:46:08,138 - INFO - MRR: 0.12170596307457018
2025-11-06 22:46:08,138 - INFO - Hit10: 0.20314077964047667
2025-11-06 22:46:08,138 - INFO - Hit3: 0.1326499697030903
2025-11-06 22:46:08,138 - INFO - Hit1: 0.0796808725509998
2025-11-06 22:46:30,776 - INFO - 21      Total: 305.369066       KGC: 264.431356         SACL: 2.618161          Front: 38.091809        Sem: 0.680018   Ang: 34.877302          Rad: 12.841810          Dist: 35.344182       FuseReg: 0.227739
2025-11-06 22:46:30,777 - INFO -   Metrics: Gate_T: 0.3974       Gate_V: 0.5581          SemSim: 0.8372          HypAngle: 0.0017        CosAngle: 0.9998        AngPos: 0.2976          AngNeg: 0.5967       NegCos: 0.5042   PosThrDeg: 19.6         NegThrDeg: 94.2         R_T: 0.9264     R_V: 1.3790     C_T: 0.7315     C_V: 0.7457     Time: 0h-9m-52s
2025-11-06 22:46:53,502 - INFO - 22      Total: 305.265019       KGC: 263.870831         SACL: 2.603684          Front: 38.550339        Sem: 0.662255   Ang: 35.595646          Rad: 13.170111          Dist: 34.824822       FuseReg: 0.240164
2025-11-06 22:46:53,502 - INFO -   Metrics: Gate_T: 0.3838       Gate_V: 0.5582          SemSim: 0.8395          HypAngle: 0.0037        CosAngle: 0.9991        AngPos: 0.2948          AngNeg: 0.6179       NegCos: 0.5088   PosThrDeg: 19.2         NegThrDeg: 93.5         R_T: 0.9258     R_V: 1.3909     C_T: 0.7364     C_V: 0.7494     Time: 0h-10m-15s
2025-11-06 22:47:16,307 - INFO - 23      Total: 305.833651       KGC: 264.072687         SACL: 2.587787          Front: 38.947445        Sem: 0.661628   Ang: 36.321178          Rad: 11.440375          Dist: 34.640184       FuseReg: 0.225732
2025-11-06 22:47:16,307 - INFO -   Metrics: Gate_T: 0.3939       Gate_V: 0.5534          SemSim: 0.8399          HypAngle: 0.0017        CosAngle: 0.9998        AngPos: 0.2993          AngNeg: 0.6321       NegCos: 0.5013   PosThrDeg: 18.8         NegThrDeg: 92.8         R_T: 0.9078     R_V: 1.3485     C_T: 0.7413     C_V: 0.7534     Time: 0h-10m-37s
2025-11-06 22:47:39,049 - INFO - 24      Total: 304.583241       KGC: 262.506972         SACL: 2.603124          Front: 39.255264        Sem: 0.626056   Ang: 37.073694          Rad: 11.824440          Dist: 33.434567       FuseReg: 0.217881
2025-11-06 22:47:39,049 - INFO -   Metrics: Gate_T: 0.4068       Gate_V: 0.5586          SemSim: 0.8404          HypAngle: 0.0082        CosAngle: 0.9979        AngPos: 0.2980          AngNeg: 0.6526       NegCos: 0.4887   PosThrDeg: 18.4         NegThrDeg: 92.0         R_T: 0.9172     R_V: 1.3532     C_T: 0.7446     C_V: 0.7560     Time: 0h-11m-0s
2025-11-06 22:48:01,849 - INFO - 25      Total: 304.143575       KGC: 261.519799         SACL: 2.592523          Front: 39.803999        Sem: 0.614180   Ang: 37.610700          Rad: 11.942541          Dist: 33.941062       FuseReg: 0.227255
2025-11-06 22:48:01,867 - INFO -   Metrics: Gate_T: 0.3934       Gate_V: 0.5579          SemSim: 0.8393          HypAngle: 0.0095        CosAngle: 0.9921        AngPos: 0.2899          AngNeg: 0.6745       NegCos: 0.4963   PosThrDeg: 18.0         NegThrDeg: 91.2         R_T: 0.9061     R_V: 1.3707     C_T: 0.7474     C_V: 0.7582     Time: 0h-11m-23s
2025-11-06 22:48:24,602 - INFO - 26      Total: 304.576089       KGC: 261.745931         SACL: 2.580890          Front: 40.031106        Sem: 0.580761   Ang: 38.357026          Rad: 10.246852          Dist: 33.104062       FuseReg: 0.218161
2025-11-06 22:48:24,606 - INFO -   Metrics: Gate_T: 0.4088       Gate_V: 0.5658          SemSim: 0.8399          HypAngle: 0.0069        CosAngle: 0.9995        AngPos: 0.3005          AngNeg: 0.6830       NegCos: 0.4761   PosThrDeg: 17.6         NegThrDeg: 90.5         R_T: 0.8987     R_V: 1.3181     C_T: 0.7505     C_V: 0.7615     Time: 0h-11m-46s
2025-11-06 22:48:47,458 - INFO - 27      Total: 304.306623       KGC: 260.950255         SACL: 2.578796          Front: 40.552189        Sem: 0.597020   Ang: 38.978462          Rad: 10.514955          Dist: 33.046676       FuseReg: 0.225385
2025-11-06 22:48:47,459 - INFO -   Metrics: Gate_T: 0.4081       Gate_V: 0.5668          SemSim: 0.8375          HypAngle: 0.0055        CosAngle: 0.9967        AngPos: 0.3083          AngNeg: 0.6912       NegCos: 0.4670   PosThrDeg: 17.2         NegThrDeg: 89.8         R_T: 0.9032     R_V: 1.3206     C_T: 0.7529     C_V: 0.7635     Time: 0h-12m-9s
2025-11-06 22:49:10,259 - INFO - 28      Total: 304.714394       KGC: 260.869803         SACL: 2.566160          Front: 41.063091        Sem: 0.589188   Ang: 39.518916          Rad: 10.816767          Dist: 33.305952       FuseReg: 0.215338
2025-11-06 22:49:10,260 - INFO -   Metrics: Gate_T: 0.4081       Gate_V: 0.5599          SemSim: 0.8403          HypAngle: 0.0114        CosAngle: 0.9927        AngPos: 0.3015          AngNeg: 0.7118       NegCos: 0.4819   PosThrDeg: 16.8         NegThrDeg: 89.0         R_T: 0.9049     R_V: 1.3318     C_T: 0.7548     C_V: 0.7644     Time: 0h-12m-31s
2025-11-06 22:49:33,071 - INFO - 29      Total: 304.176758       KGC: 259.963507         SACL: 2.569651          Front: 41.428911        Sem: 0.545734   Ang: 40.378621          Rad: 10.195154          Dist: 32.352777       FuseReg: 0.214689
2025-11-06 22:49:33,072 - INFO -   Metrics: Gate_T: 0.4030       Gate_V: 0.5621          SemSim: 0.8412          HypAngle: 0.0110        CosAngle: 0.9955        AngPos: 0.3100          AngNeg: 0.7253       NegCos: 0.4613   PosThrDeg: 16.4         NegThrDeg: 88.2         R_T: 0.8973     R_V: 1.3178     C_T: 0.7558     C_V: 0.7649     Time: 0h-12m-54s
2025-11-06 22:49:55,898 - INFO - 30      Total: 303.991046       KGC: 259.274432         SACL: 2.570840          Front: 41.930419        Sem: 0.565966   Ang: 40.859106          Rad: 10.553585          Dist: 32.637000       FuseReg: 0.215356
2025-11-06 22:49:55,898 - INFO -   Metrics: Gate_T: 0.4047       Gate_V: 0.5657          SemSim: 0.8386          HypAngle: 0.0131        CosAngle: 0.9912        AngPos: 0.2957          AngNeg: 0.7520       NegCos: 0.4807   PosThrDeg: 16.0         NegThrDeg: 87.5         R_T: 0.8858     R_V: 1.3442     C_T: 0.7569     C_V: 0.7660     Time: 0h-13m-17s
100%|████████████████████████████████████████████████████████████████████████████████████████████████████████████████████████████████████████████████████████████████████| 9904/9904 [00:28<00:00, 348.18it/s]
2025-11-06 22:50:24,718 - INFO - Link Prediction on Validation Set
2025-11-06 22:50:24,718 - INFO - MR: 583.8559672859451
2025-11-06 22:50:24,718 - INFO - MRR: 0.12406855863498416
2025-11-06 22:50:24,718 - INFO - Hit10: 0.21556946688206785
2025-11-06 22:50:24,719 - INFO - Hit3: 0.1371668012924071
2025-11-06 22:50:24,719 - INFO - Hit1: 0.07385904684975768
100%|████████████████████████████████████████████████████████████████████████████████████████████████████████████████████████████████████████████████████████████████████| 9902/9902 [00:28<00:00, 349.45it/s]
2025-11-06 22:50:53,057 - INFO - Link Prediction on Test Set
2025-11-06 22:50:53,057 - INFO - MR: 867.2494950515047
2025-11-06 22:50:53,057 - INFO - MRR: 0.1271876593264021
2025-11-06 22:50:53,057 - INFO - Hit10: 0.20995758432639872
2025-11-06 22:50:53,058 - INFO - Hit3: 0.1367400525146435
2025-11-06 22:50:53,058 - INFO - Hit1: 0.08467986265400929
2025-11-06 22:51:15,652 - INFO - 31      Total: 304.585408       KGC: 259.405319         SACL: 2.567969          Front: 42.384566        Sem: 0.552205   Ang: 41.568562          Rad: 10.107815          Dist: 32.370356       FuseReg: 0.227557
2025-11-06 22:51:15,653 - INFO -   Metrics: Gate_T: 0.3943       Gate_V: 0.5698          SemSim: 0.8405          HypAngle: 0.0200        CosAngle: 0.9870        AngPos: 0.3060          AngNeg: 0.7598       NegCos: 0.4589   PosThrDeg: 15.6         NegThrDeg: 86.8         R_T: 0.8956     R_V: 1.3142     C_T: 0.7574     C_V: 0.7673     Time: 0h-14m-37s
2025-11-06 22:51:38,474 - INFO - 32      Total: 304.766489       KGC: 259.291684         SACL: 2.557893          Front: 42.692224        Sem: 0.538381   Ang: 42.015526          Rad: 10.355055          Dist: 32.137567       FuseReg: 0.224690
2025-11-06 22:51:38,475 - INFO -   Metrics: Gate_T: 0.3994       Gate_V: 0.5697          SemSim: 0.8389          HypAngle: 0.0194        CosAngle: 0.9944        AngPos: 0.3005          AngNeg: 0.7768       NegCos: 0.4714   PosThrDeg: 15.2         NegThrDeg: 86.0         R_T: 0.8917     R_V: 1.3295     C_T: 0.7581     C_V: 0.7685     Time: 0h-15m-0s
2025-11-06 22:52:01,263 - INFO - 33      Total: 304.958742       KGC: 259.052766         SACL: 2.553571          Front: 43.132584        Sem: 0.529180   Ang: 42.779532          Rad: 9.602358   Dist: 31.714953       FuseReg: 0.219821
2025-11-06 22:52:01,264 - INFO -   Metrics: Gate_T: 0.4023       Gate_V: 0.5683          SemSim: 0.8374          HypAngle: 0.0099        CosAngle: 0.9957        AngPos: 0.3051          AngNeg: 0.7918       NegCos: 0.4564   PosThrDeg: 14.8         NegThrDeg: 85.2         R_T: 0.8766     R_V: 1.3173     C_T: 0.7580     C_V: 0.7696     Time: 0h-15m-22s
2025-11-06 22:52:24,055 - INFO - 34      Total: 305.274229       KGC: 258.847985         SACL: 2.549591          Front: 43.663605        Sem: 0.535902   Ang: 43.576089          Rad: 9.129176   Dist: 31.402069       FuseReg: 0.213049
2025-11-06 22:52:24,056 - INFO -   Metrics: Gate_T: 0.4107       Gate_V: 0.5721          SemSim: 0.8369          HypAngle: 0.0233        CosAngle: 0.9876        AngPos: 0.3103          AngNeg: 0.8071       NegCos: 0.4369   PosThrDeg: 14.4         NegThrDeg: 84.5         R_T: 0.8753     R_V: 1.2996     C_T: 0.7568     C_V: 0.7694     Time: 0h-15m-45s
2025-11-06 22:52:46,859 - INFO - 35      Total: 304.902080       KGC: 258.125372         SACL: 2.544679          Front: 44.016492        Sem: 0.516232   Ang: 44.119454          Rad: 8.253096   Dist: 31.435199       FuseReg: 0.215536
2025-11-06 22:52:46,859 - INFO -   Metrics: Gate_T: 0.4047       Gate_V: 0.5714          SemSim: 0.8379          HypAngle: 0.0182        CosAngle: 0.9878        AngPos: 0.3207          AngNeg: 0.8106       NegCos: 0.4214   PosThrDeg: 14.0         NegThrDeg: 83.8         R_T: 0.8611     R_V: 1.2797     C_T: 0.7553     C_V: 0.7691     Time: 0h-16m-8s
2025-11-06 22:53:09,658 - INFO - 36      Total: 305.069488       KGC: 257.874825         SACL: 2.548734          Front: 44.429959        Sem: 0.517692   Ang: 44.576666          Rad: 8.450300   Dist: 31.562124       FuseReg: 0.215967
2025-11-06 22:53:09,659 - INFO -   Metrics: Gate_T: 0.4072       Gate_V: 0.5682          SemSim: 0.8379          HypAngle: 0.0200        CosAngle: 0.9866        AngPos: 0.3210          AngNeg: 0.8220       NegCos: 0.4244   PosThrDeg: 13.6         NegThrDeg: 83.0         R_T: 0.8670     R_V: 1.2805     C_T: 0.7536     C_V: 0.7688     Time: 0h-16m-31s
2025-11-06 22:53:32,505 - INFO - 37      Total: 305.090482       KGC: 257.484611         SACL: 2.544652          Front: 44.840286        Sem: 0.497487   Ang: 45.254649          Rad: 8.561789   Dist: 31.058899       FuseReg: 0.220932
2025-11-06 22:53:32,505 - INFO -   Metrics: Gate_T: 0.4046       Gate_V: 0.5729          SemSim: 0.8371          HypAngle: 0.0222        CosAngle: 0.9896        AngPos: 0.3337          AngNeg: 0.8267       NegCos: 0.4101   PosThrDeg: 13.2         NegThrDeg: 82.2         R_T: 0.8801     R_V: 1.2685     C_T: 0.7521     C_V: 0.7679     Time: 0h-16m-54s
2025-11-06 22:53:55,359 - INFO - 38      Total: 305.499871       KGC: 257.404732         SACL: 2.539346          Front: 45.330937        Sem: 0.510637   Ang: 45.681843          Rad: 8.838472   Dist: 31.532280       FuseReg: 0.224857
2025-11-06 22:53:55,360 - INFO -   Metrics: Gate_T: 0.4015       Gate_V: 0.5722          SemSim: 0.8374          HypAngle: 0.0204        CosAngle: 0.9815        AngPos: 0.3258          AngNeg: 0.8455       NegCos: 0.4279   PosThrDeg: 12.8         NegThrDeg: 81.5         R_T: 0.8789     R_V: 1.2836     C_T: 0.7507     C_V: 0.7670     Time: 0h-17m-17s
2025-11-06 22:54:18,173 - INFO - 39      Total: 305.364768       KGC: 256.778345         SACL: 2.539298          Front: 45.825863        Sem: 0.498187   Ang: 46.459359          Rad: 8.905687   Dist: 31.032216       FuseReg: 0.221261
2025-11-06 22:54:18,174 - INFO -   Metrics: Gate_T: 0.4015       Gate_V: 0.5740          SemSim: 0.8367          HypAngle: 0.0242        CosAngle: 0.9886        AngPos: 0.3218          AngNeg: 0.8694       NegCos: 0.4231   PosThrDeg: 12.4         NegThrDeg: 80.8         R_T: 0.8694     R_V: 1.2983     C_T: 0.7491     C_V: 0.7663     Time: 0h-17m-39s
2025-11-06 22:54:41,091 - INFO - 40      Total: 305.680544       KGC: 256.819098         SACL: 2.542560          Front: 46.107364        Sem: 0.491515   Ang: 46.991154          Rad: 8.659899   Dist: 30.542219       FuseReg: 0.211522
2025-11-06 22:54:41,091 - INFO -   Metrics: Gate_T: 0.4079       Gate_V: 0.5722          SemSim: 0.8374          HypAngle: 0.0291        CosAngle: 0.9836        AngPos: 0.3301          AngNeg: 0.8748       NegCos: 0.4094   PosThrDeg: 12.0         NegThrDeg: 80.0         R_T: 0.8648     R_V: 1.2927     C_T: 0.7475     C_V: 0.7655     Time: 0h-18m-2s
 21%|██████████████████████████████████▋                     